    386 alic
     76 thought
     74 time
     69 queen
     62 king
     58 began
     58 head
     58 turtl
     58 well
     57 mock
     56 hatter
     55 gryphon
     49 voic
     48 cat
     47 rabbit
     45 look
     42 tone
     41 round
     41 turn
     39 dormous
     39 duchess
     39 great
     39 mous
     38 white
     35 ey
     35 hand
     35 long
     34 march
     34 repli
     33 larg
     33 that'
     32 dear
     32 minut
     32 will
     31 door
     31 hare
     31 talk
     30 heard
     29 moment
     28 caterpillar
     28 dai
     28 remark
     28 thing
     28 wonder
     27 go
     27 poor
     26 three
     25 call
     25 chang
     25 find
     24 chapter
     24 cours
     24 good
     24 grow
     24 there'
     23 felt
     23 garden
     23 hurri
     23 sort
     21 cri
     21 half
     21 question
     21 side
     21 till
     21 wait
     20 open
     20 rememb
     20 repeat
     20 walk
     19 curiou
     19 eat
     19 face
     19 feet
     19 hous
     19 sit
     19 speak
     18 arm
     18 court
     18 finish
     18 hear
     18 soup
     18 tabl
     17 ask
     17 feel
     17 live
     17 sat
     16 bit
     16 close
     16 happen
     16 hastili
     16 high
     16 juri
     16 leav
     16 spoke
     15 air
     15 danc
     15 idea
     15 knew
     15 low
     15 mad
