    217 time
     91 machin
     88 travel
     75 hand
     66 man
     61 white
     56 felt
     56 thought
     55 dark
     51 face
     46 light
     46 weena
     45 morlock
     45 peopl
     44 dai
     43 ey
     42 great
     41 black
     41 night
     41 well
     40 began
     36 match
     36 mind
     36 round
     36 will
     35 feel
     35 long
     34 strang
     34 world
     33 look
     33 move
     33 present
     33 sky
     32 thing
     31 fear
     31 human
     30 moment
     29 fire
     29 turn
     28 head
     27 sun
     26 green
     26 grew
     26 left
     26 open
     26 place
     25 creatur
     25 door
     24 futur
     24 lever
     24 medic
     24 natur
     24 space
     24 sphinx
     24 stood
     23 minut
     23 psychologist
     22 dimens
     22 hill
     22 pass
     22 red
     22 sat
     22 suddenli
     21 ag
     21 tabl
     21 three
     20 air
     20 editor
     20 figur
     20 galleri
     20 heard
     20 palac
     20 watch
     20 year
     19 bar
     19 bronz
     19 earth
     19 kind
     19 point
     19 side
     19 sound
     18 anim
     18 appear
     18 arm
     18 build
     18 find
     18 flower
     18 grow
     18 laboratori
     18 laugh
     18 moon
     18 sleep
     18 stori
     18 wood
     17 absolut
     17 beauti
     17 big
     17 feet
     17 ground
     17 lai
