    128 utterson
     98 hyde
     84 jekyl
     77 man
     69 hand
     68 lawyer
     65 will
     61 pool
     59 sir
     56 door
     48 life
     48 well
     45 dr
     43 hous
     43 thought
     42 face
     40 good
     40 time
     34 great
     34 return
     33 dai
     33 ey
     33 friend
     31 long
     30 began
     30 henri
     30 moment
     28 lanyon
     28 night
     27 cabinet
     27 open
     26 light
     26 mind
     26 room
     26 set
     25 doctor
     25 edward
     24 fear
     24 look
     24 side
     23 hour
     22 chang
     22 god
     22 natur
     22 repli
     22 turn
     21 bodi
     21 street
     20 point
     20 sat
     20 strang
     19 ask
     19 lai
     19 letter
     19 murder
     18 enfield
     18 fire
     17 appear
     17 busi
     17 jekyll'
     17 left
     17 paper
     17 second
     17 voic
     16 call
     16 case
     16 evil
     16 master
     16 person
     16 place
     16 step
     16 suppos
     16 walk
     15 continu
     15 morn
     15 pleasur
     15 servant
     15 soul
     15 year
     14 doctor'
     14 pass
     14 small
     14 smile
     14 spirit
     14 stood
     14 terror
     13 bed
     13 cri
     13 dead
     13 death
     13 drew
     13 drug
     13 fell
     13 glass
     13 knew
     13 men
     13 read
     13 reason
     12 air
     12 brought
