    406 well
    361 time
    349 jim
    295 good
    294 ain't
    292 warn't
    250 de
    227 en
    227 tom
    203 man
    199 nigger
    197 reckon
    177 go
    169 king
    162 pretti
    160 set
    151 kind
    150 night
    146 duke
    145 long
    145 told
    144 hand
    142 dai
    139 river
    134 head
    134 place
    133 talk
    132 till
    122 peopl
    122 that'
    119 raft
    115 thing
    114 minut
    112 town
    103 start
    101 hear
    100 turn
     98 know
     98 three
     98 troubl
     98 want
     97 i'd
     95 work
     94 lai
     93 better
     93 big
     93 mile
     92 hous
     91 fetch
     88 huck
     88 look
     86 chapter
     84 monei
     84 side
     82 judg
     80 door
     80 heard
     77 mind
     76 boi
     75 hadn't
     75 laid
     74 bed
     73 hain't
     72 dark
     72 dead
     72 men
     72 mighti
     71 begun
     70 dat
     70 kill
     70 water
     69 call
     69 wood
     68 half
     67 thought
     66 feel
     66 find
     66 live
     66 lot
     65 dollar
     64 cano
     64 help
     63 light
     63 mari
     62 wait
     61 fool
     60 dei
     60 left
     60 o'
     59 rest
     58 ey
     58 leav
     57 bodi
     57 dog
     57 stai
     57 will
     57 young
     56 aunt
     56 stand
     56 year
