    194 will
    155 feel
    131 man
    126 dai
    124 friend
    122 ey
    121 appear
    114 life
    114 love
    114 thought
    113 father
    109 time
     95 happi
     93 pass
     92 night
     92 return
     90 mind
     87 elizabeth
     84 hope
     80 heart
     79 cottag
     79 death
     79 felt
     79 natur
     75 fear
     74 live
     72 dear
     71 remain
     70 murder
     69 miser
     66 continu
     66 creatur
     66 enter
     65 hand
     65 human
     65 place
     65 spirit
     63 desir
     63 miseri
     63 reflect
     62 heard
     62 kind
     60 scene
     59 express
     59 power
     58 beauti
     58 form
     58 hour
     58 long
     56 countri
     56 endeavour
     55 clerval
     54 justin
     54 moment
     54 mountain
     53 despair
     53 suffer
     52 possess
     52 year
     51 arriv
     51 discov
     51 great
     51 work
     50 felix
     50 horror
     50 manner
     50 voic
     49 affect
     49 letter
     48 chapter
     48 counten
     48 light
     48 wretch
     47 destroi
     47 idea
     47 month
     46 delight
     46 joi
     45 poor
     45 sun
     45 turn
     45 world
     44 gentl
     44 men
     43 endur
     43 pleasur
     43 rest
     43 sensat
     43 well
     43 wonder
     42 companion
     42 dark
     42 ic
     42 quit
     42 tear
     41 call
     41 chang
     41 exist
     41 good
     40 imagin
