    374 hand
    336 lorri
    314 time
    289 defarg
    289 will
    282 man
    241 face
    229 prison
    217 dai
    216 good
    212 head
    199 ey
    194 night
    193 look
    193 madam
    192 long
    191 doctor
    182 turn
    170 well
    163 great
    162 father
    155 manett
    150 life
    149 pross
    148 carton
    144 door
    138 darnai
    135 peopl
    134 busi
    127 mind
    127 young
    124 street
    123 arm
    123 dear
    123 luci
    123 pass
    123 place
    121 year
    120 light
    120 three
    118 dark
    116 answer
    116 monsieur
    116 work
    109 cruncher
    108 open
    106 jerri
    105 return
    103 hope
    103 monseigneur
    102 room
    102 stryver
    101 left
    100 close
    100 live
    100 road
    100 sir
     99 sat
     97 call
     97 charl
     96 hous
     96 voic
     95 manner
     94 friend
     94 wife
     92 hour
     92 stood
     90 ask
     89 men
     88 better
     88 child
     87 go
     87 husband
     87 poor
     86 knew
     86 moment
     86 thought
     84 tellson'
     80 brought
     80 heart
     80 lai
     78 love
     78 speak
     77 window
     76 marqui
     75 walk
     74 side
     73 jacqu
     73 paper
     73 sydnei
     72 stop
     71 question
     71 stone
     70 gentleman
     70 touch
     69 air
     68 hold
     68 observ
     68 round
     68 word
