    461 holm
    302 man
    262 will
    190 hand
    186 well
    167 time
    160 room
    147 door
    145 matter
    137 face
    134 case
    127 dai
    124 hous
    117 good
    113 heard
    111 ey
    111 open
    107 remark
    102 morn
     99 turn
     97 sherlock
     95 window
     94 street
     93 find
     93 friend
     89 ask
     89 year
     88 ladi
     88 long
     85 head
     85 thought
     84 left
     84 night
     84 paper
     83 round
     83 side
     82 father
     82 st
     81 point
     81 watson
     81 young
     80 busi
     79 small
     78 light
     78 sir
     77 answer
     77 call
     74 interest
     72 doubt
     70 woman
     69 clear
     69 cri
     69 return
     69 three
     68 appear
     67 pass
     66 glanc
     66 wait
     62 leav
     61 mind
     60 fact
     60 great
     60 walk
     59 chair
     59 cours
     59 wife
     58 place
     58 step
     57 knew
     56 dear
     56 letter
     56 observ
     55 hour
     55 minut
     54 reason
     54 sat
     54 work
     53 close
     52 help
     52 question
     51 front
     51 look
     51 son
     50 better
     50 brought
     50 dark
     50 lai
     50 read
     50 told
     50 understand
     49 black
     49 dress
     48 save
     47 life
     47 suddenli
     46 rush
     46 strang
     45 carri
     45 gentleman
     44 baker
