    137 macb
    122 haue
     81 enter
     72 will
     66 macbeth
     64 king
     61 thee
     58 macd
     58 vpon
     56 thy
     52 hath
     52 time
     51 ross
     48 good
     48 ladi
     46 lord
     43 fear
     40 night
     38 doe
     36 man
     35 hand
     35 il
     34 banquo
     34 wife
     33 speak
     33 well
     32 self
     31 great
     31 thane
     30 exeunt
     29 knock
     29 sir
     29 sleep
     28 giue
     28 lenox
     28 macduff
     26 mine
     26 natur
     26 th'
     26 vp
     25 look
     25 mal
     25 thought
     24 banq
     23 blood
     23 loue
     23 thing
     22 ey
     22 heer
     22 scena
     21 again
     21 cawdor
     21 death
     21 heart
     21 la
     20 doct
     20 hear
     20 liue
     20 till
     19 dai
     19 heauen
     19 life
     19 men
     19 murther
     18 art
     18 strang
     17 deed
     17 ha'
     17 own
     17 poor
     17 sei
     17 shew
     17 worthi
     16 bloodi
     16 dare
     16 do'
     16 duncan
     16 eueri
     16 god
     16 keep
     16 malcolm
     16 son
     16 stand
     15 down
     15 er
     15 face
     15 father
     15 friend
     15 goe
     15 i'th'
     15 lye
     15 malc
     15 seruant
     15 sword
     15 tyrant
     14 ayr
     14 dead
     14 find
     14 grace
     14 honor
