   1897 princ
   1788 pierr
   1093 natsha
   1078 face
   1073 time
   1069 will
   1067 man
   1040 andrew
    900 princess
    896 thought
    875 french
    874 ey
    865 hand
    818 room
    805 rostv
    760 men
    732 chapter
    725 dai
    725 smile
    714 began
    706 moscow
    687 turn
    685 armi
    685 well
    684 ask
    671 count
    647 look
    644 offic
    643 gener
    632 love
    629 felt
    620 mari
    619 head
    609 order
    605 left
    598 nichola
    598 russian
    589 life
    565 voic
    555 peopl
    551 emperor
    551 talk
    549 command
    546 feel
    534 long
    524 express
    522 hors
    521 soldier
    497 heard
    488 repli
    484 napoleon
    461 moment
    452 hous
    449 countess
    447 kutzov
    442 young
    433 move
    431 side
    428 suddenli
    427 round
    426 evid
    422 understand
    419 good
    416 shout
    412 snya
    409 knew
    409 told
    384 dear
    379 battl
    375 speak
    373 densov
    370 arm
    368 continu
    367 place
    364 call
    362 pass
    355 door
    348 question
    344 sat
    342 answer
    340 enter
    339 fire
    336 father
    323 notic
    323 war
    320 go
    320 happi
    319 listen
    315 glanc
    315 posit
    311 leav
    307 stood
    303 regiment
    297 crowd
    297 remain
    295 live
    295 return
    293 anna
    292 happen
    291 sit
