   1360 whale
    481 ship
    468 sea
    453 man
    436 time
    433 ahab
    423 ye
    391 will
    387 boat
    342 hand
    342 head
    326 captain
    322 long
    315 chapter
    307 great
    278 white
    263 ey
    255 round
    241 sperm
    240 harpoon
    240 three
    236 dai
    233 stubb
    232 water
    229 men
    219 queequeg
    218 well
    215 side
    213 turn
    206 stand
    202 good
    191 call
    191 sail
    188 deck
    183 thought
    180 live
    175 starbuck
    171 sort
    170 sir
    163 cri
    160 world
    152 crew
    151 god
    149 ay
    145 fish
    141 life
    141 night
    139 air
    137 hold
    133 place
    130 thee
    128 pequod
    128 strang
    128 thing
    128 whale'
    126 feet
    126 leg
    126 voyag
    125 nantucket
    124 arm
    124 sailor
    124 small
    123 point
    121 till
    119 sight
    117 gener
    116 bodi
    116 face
    116 leviathan
    116 moment
    113 thy
    112 full
    112 heart
    107 poor
    106 heard
    106 roll
    105 feel
    105 lower
    105 year
    103 bow
    103 light
    102 high
    101 mate
    101 soul
    100 black
     98 flask
     98 pass
     98 work
     97 case
     97 matter
     96 order
     95 iron
     95 land
     94 natur
     94 open
     93 wind
     92 form
     92 mind
     91 dead
     91 set
